<?xml version="1.0" encoding="UTF-8"?>
<!-- Generated by org.testng.reporters.JUnitReportReporter -->
<testsuite hostname="OmarZain" failures="0" tests="2" name="tests.RegisterTest" time="20.869" errors="0" timestamp="2024-10-08T07:00:36 EEST" skipped="0">
  <testcase classname="tests.RegisterTest" name="testUserRegisteration" time="14.891"/>
  <testcase classname="tests.RegisterTest" name="userRegisteration_ExistUserName" time="5.978"/>
</testsuite> <!-- tests.RegisterTest -->
