<?xml version="1.0" encoding="UTF-8"?>
<!-- Generated by org.testng.reporters.JUnitReportReporter -->
<testsuite hostname="DESKTOP-8GUL3EI" failures="0" tests="1" name="tests.RegisterBeforeCheckout" time="34.149" errors="0" timestamp="2024-10-11T21:06:07 EEST" skipped="0">
  <testcase classname="tests.RegisterBeforeCheckout" name="testPlaceOrderRegisterWhileCheckout" time="34.149"/>
</testsuite> <!-- tests.RegisterBeforeCheckout -->
