<?xml version="1.0" encoding="UTF-8"?>
<!-- Generated by org.testng.reporters.JUnitReportReporter -->
<testsuite hostname="DESKTOP-8GUL3EI" failures="0" tests="1" name="tests.LoginHappyScenario" time="9.912" errors="0" timestamp="2024-10-11T22:05:10 EEST" skipped="0">
  <testcase classname="tests.LoginHappyScenario" name="Login_CorrectUsernameAndCorrectPassword" time="9.912"/>
</testsuite> <!-- tests.LoginHappyScenario -->
