<?xml version="1.0" encoding="UTF-8"?>
<!-- Generated by org.testng.reporters.JUnitReportReporter -->
<testsuite hostname="OmarZain" failures="0" tests="1" name="tests.TestCasesTest" time="2.512" errors="0" timestamp="2024-10-09T00:12:02 EEST" skipped="0">
  <testcase classname="tests.TestCasesTest" name="testVerifyTestCasesPage" time="2.512"/>
</testsuite> <!-- tests.TestCasesTest -->
