<?xml version="1.0" encoding="UTF-8"?>
<!-- Generated by org.testng.reporters.JUnitReportReporter -->
<testsuite hostname="DESKTOP-8GUL3EI" failures="0" tests="1" name="tests.Login_NegativeScenario" time="6.829" errors="0" timestamp="2024-10-11T22:05:10 EEST" skipped="0">
  <testcase classname="tests.Login_NegativeScenario" name="Login_InCorrectUsernameAndPassword" time="6.829"/>
</testsuite> <!-- tests.Login_NegativeScenario -->
