<?xml version="1.0" encoding="UTF-8"?>
<!-- Generated by org.testng.reporters.JUnitReportReporter -->
<testsuite hostname="DESKTOP-8GUL3EI" failures="0" tests="1" name="tests.RemoveProductFromCart" time="5.550" errors="0" timestamp="2024-10-11T21:06:07 EEST" skipped="0">
  <testcase classname="tests.RemoveProductFromCart" name="testVerifyProductQuantityInCart" time="5.550"/>
</testsuite> <!-- tests.RemoveProductFromCart -->
